<?xml version="1.0" encoding="UTF-8" ?>
<testsuite failures="0" time="0.008" errors="0" skipped="0" tests="1" name="de.tilman.sync.AppTest">
  <properties>
    <property name="java.runtime.name" value="Java(TM) SE Runtime Environment"/>
    <property name="sun.boot.library.path" value="/usr/lib/jvm/java-6-sun-1.6.0.24/jre/lib/amd64"/>
    <property name="java.vm.version" value="19.1-b02"/>
    <property name="java.vm.vendor" value="Sun Microsystems Inc."/>
    <property name="java.vendor.url" value="http://java.sun.com/"/>
    <property name="path.separator" value=":"/>
    <property name="java.vm.name" value="Java HotSpot(TM) 64-Bit Server VM"/>
    <property name="file.encoding.pkg" value="sun.io"/>
    <property name="user.country" value="US"/>
    <property name="sun.java.launcher" value="SUN_STANDARD"/>
    <property name="sun.os.patch.level" value="unknown"/>
    <property name="java.vm.specification.name" value="Java Virtual Machine Specification"/>
    <property name="user.dir" value="/home/tilman/workspace-new/SyncTool"/>
    <property name="java.runtime.version" value="1.6.0_24-b07"/>
    <property name="java.awt.graphicsenv" value="sun.awt.X11GraphicsEnvironment"/>
    <property name="basedir" value="/home/tilman/workspace-new/SyncTool"/>
    <property name="java.endorsed.dirs" value="/usr/lib/jvm/java-6-sun-1.6.0.24/jre/lib/endorsed"/>
    <property name="os.arch" value="amd64"/>
    <property name="surefire.real.class.path" value="/home/tilman/workspace-new/SyncTool/target/surefire/surefirebooter8306257726018021915.jar"/>
    <property name="java.io.tmpdir" value="/tmp"/>
    <property name="line.separator" value="
"/>
    <property name="java.vm.specification.vendor" value="Sun Microsystems Inc."/>
    <property name="os.name" value="Linux"/>
    <property name="sun.jnu.encoding" value="UTF-8"/>
    <property name="java.library.path" value="/usr/lib/jvm/java-6-sun-1.6.0.24/jre/lib/amd64/server:/usr/lib/jvm/java-6-sun-1.6.0.24/jre/lib/amd64:/usr/lib/jvm/java-6-sun-1.6.0.24/jre/../lib/amd64:/usr/lib/xulrunner-1.9.2.15:/usr/java/packages/lib/amd64:/usr/lib64:/lib64:/lib:/usr/lib"/>
    <property name="surefire.test.class.path" value="/home/tilman/workspace-new/SyncTool/target/test-classes:/home/tilman/workspace-new/SyncTool/target/classes:/home/tilman/.m2/repository/junit/junit/3.8.1/junit-3.8.1.jar:/home/tilman/.m2/repository/com/martiansoftware/jsap/2.1/jsap-2.1.jar:/home/tilman/.m2/repository/log4j/log4j/1.2.14/log4j-1.2.14.jar:/home/tilman/.m2/repository/com/h2database/h2/1.3.150/h2-1.3.150.jar:/home/tilman/.m2/repository/commons-codec/commons-codec/1.4/commons-codec-1.4.jar:/home/tilman/.m2/repository/commons-io/commons-io/2.0.1/commons-io-2.0.1.jar:/home/tilman/.m2/repository/jivesoftware/smack/3.1.0/smack-3.1.0.jar:/home/tilman/.m2/repository/jivesoftware/smackx/3.1.0/smackx-3.1.0.jar:/home/tilman/.m2/repository/org/hsqldb/hsqldb/2.0.0/hsqldb-2.0.0.jar:"/>
    <property name="java.specification.name" value="Java Platform API Specification"/>
    <property name="java.class.version" value="50.0"/>
    <property name="sun.management.compiler" value="HotSpot 64-Bit Server Compiler"/>
    <property name="os.version" value="2.6.35-27-generic"/>
    <property name="user.home" value="/home/tilman"/>
    <property name="user.timezone" value=""/>
    <property name="java.awt.printerjob" value="sun.print.PSPrinterJob"/>
    <property name="file.encoding" value="UTF-8"/>
    <property name="java.specification.version" value="1.6"/>
    <property name="user.name" value="tilman"/>
    <property name="java.class.path" value="/home/tilman/workspace-new/SyncTool/target/test-classes:/home/tilman/workspace-new/SyncTool/target/classes:/home/tilman/.m2/repository/junit/junit/3.8.1/junit-3.8.1.jar:/home/tilman/.m2/repository/com/martiansoftware/jsap/2.1/jsap-2.1.jar:/home/tilman/.m2/repository/log4j/log4j/1.2.14/log4j-1.2.14.jar:/home/tilman/.m2/repository/com/h2database/h2/1.3.150/h2-1.3.150.jar:/home/tilman/.m2/repository/commons-codec/commons-codec/1.4/commons-codec-1.4.jar:/home/tilman/.m2/repository/commons-io/commons-io/2.0.1/commons-io-2.0.1.jar:/home/tilman/.m2/repository/jivesoftware/smack/3.1.0/smack-3.1.0.jar:/home/tilman/.m2/repository/jivesoftware/smackx/3.1.0/smackx-3.1.0.jar:/home/tilman/.m2/repository/org/hsqldb/hsqldb/2.0.0/hsqldb-2.0.0.jar:"/>
    <property name="java.vm.specification.version" value="1.0"/>
    <property name="sun.arch.data.model" value="64"/>
    <property name="java.home" value="/usr/lib/jvm/java-6-sun-1.6.0.24/jre"/>
    <property name="java.specification.vendor" value="Sun Microsystems Inc."/>
    <property name="user.language" value="en"/>
    <property name="java.vm.info" value="mixed mode"/>
    <property name="java.version" value="1.6.0_24"/>
    <property name="java.ext.dirs" value="/usr/lib/jvm/java-6-sun-1.6.0.24/jre/lib/ext:/usr/java/packages/lib/ext"/>
    <property name="sun.boot.class.path" value="/usr/lib/jvm/java-6-sun-1.6.0.24/jre/lib/resources.jar:/usr/lib/jvm/java-6-sun-1.6.0.24/jre/lib/rt.jar:/usr/lib/jvm/java-6-sun-1.6.0.24/jre/lib/sunrsasign.jar:/usr/lib/jvm/java-6-sun-1.6.0.24/jre/lib/jsse.jar:/usr/lib/jvm/java-6-sun-1.6.0.24/jre/lib/jce.jar:/usr/lib/jvm/java-6-sun-1.6.0.24/jre/lib/charsets.jar:/usr/lib/jvm/java-6-sun-1.6.0.24/jre/lib/modules/jdk.boot.jar:/usr/lib/jvm/java-6-sun-1.6.0.24/jre/classes"/>
    <property name="java.vendor" value="Sun Microsystems Inc."/>
    <property name="localRepository" value="/home/tilman/.m2/repository"/>
    <property name="file.separator" value="/"/>
    <property name="java.vendor.url.bug" value="http://java.sun.com/cgi-bin/bugreport.cgi"/>
    <property name="sun.cpu.endian" value="little"/>
    <property name="sun.io.unicode.encoding" value="UnicodeLittle"/>
    <property name="sun.desktop" value="gnome"/>
    <property name="sun.cpu.isalist" value=""/>
  </properties>
  <testcase time="0.001" classname="de.tilman.sync.AppTest" name="testApp"/>
</testsuite>